<?xml version="1.0" encoding="UTF-8" ?>
<testsuite tests="1" failures="0" name="ComponentesMobileTest.ComponentesMobileTest" time="0.24" errors="1" skipped="0">
  <properties>
[...]
</properties>
  <testcase classname="ComponentesMobileTest.ComponentesMobileTest" name="initializationError" time="0.003">
    <error message="Invalid test class &apos;ComponentesMobileTest.ComponentesMobileTest&apos;:
  1. Method inicializarAppium should have no parameters" type="org.junit.runners.model.InvalidTestClassError">org.junit.runners.model.InvalidTestClassError: Invalid test class &apos;ComponentesMobileTest.ComponentesMobileTest&apos;:
  1. Method inicializarAppium should have no parameters
	at org.junit.runners.ParentRunner.validate(ParentRunner.java:525)
	at org.junit.runners.ParentRunner.&lt;init&gt;(ParentRunner.java:102)
	at org.junit.runners.BlockJUnit4ClassRunner.&lt;init&gt;(BlockJUnit4ClassRunner.java:84)
	at org.junit.runners.JUnit4.&lt;init&gt;(JUnit4.java:23)
	at org.junit.internal.builders.JUnit4Builder.runnerForClass(JUnit4Builder.java:10)
	at org.junit.runners.model.RunnerBuilder.safeRunnerForClass(RunnerBuilder.java:70)
	at org.junit.internal.builders.AllDefaultPossibilitiesBuilder.runnerForClass(AllDefaultPossibilitiesBuilder.java:37)
	at org.junit.runners.model.RunnerBuilder.safeRunnerForClass(RunnerBuilder.java:70)
	at org.junit.internal.requests.ClassRequest.createRunner(ClassRequest.java:28)
	at org.junit.internal.requests.MemoizingRequest.getRunner(MemoizingRequest.java:19)
	at org.apache.maven.surefire.junit4.JUnit4TestSet.execute(JUnit4TestSet.java:51)
	at org.apache.maven.surefire.suite.AbstractDirectoryTestSuite.executeTestSet(AbstractDirectoryTestSuite.java:115)
	at org.apache.maven.surefire.suite.AbstractDirectoryTestSuite.execute(AbstractDirectoryTestSuite.java:102)
	at org.apache.maven.surefire.Surefire.run(Surefire.java:180)
	at sun.reflect.NativeMethodAccessorImpl.invoke0(Native Method)
	at sun.reflect.NativeMethodAccessorImpl.invoke(NativeMethodAccessorImpl.java:62)
	at sun.reflect.DelegatingMethodAccessorImpl.invoke(DelegatingMethodAccessorImpl.java:43)
	at java.lang.reflect.Method.invoke(Method.java:498)
	at org.apache.maven.surefire.booter.SurefireBooter.runSuitesInProcess(SurefireBooter.java:350)
	at org.apache.maven.surefire.booter.SurefireBooter.main(SurefireBooter.java:1021)
</error>
  </testcase>
</testsuite>